<?xml version="1.0" encoding="UTF-8"?>
<!-- Generated by org.testng.reporters.JUnitReportReporter -->
<testsuite hostname="DESKTOP-TG07KJ2" failures="0" tests="1" name="test.com.itexps.Calculator1Test" time="0.004" errors="0" timestamp="27 Aug 2024 15:11:30 GMT">
  <testcase classname="test.com.itexps.Calculator1Test" name="testAdd" time="0.004"/>
</testsuite> <!-- test.com.itexps.Calculator1Test -->
